mode: set
github.com/garrison-hq/garrison/supervisor/internal/config/config.go:138.45,139.25 1 1
github.com/garrison-hq/garrison/supervisor/internal/config/config.go:139.25,141.3 1 0
github.com/garrison-hq/garrison/supervisor/internal/config/config.go:142.2,143.16 2 1
github.com/garrison-hq/garrison/supervisor/internal/config/config.go:143.16,145.3 1 0
github.com/garrison-hq/garrison/supervisor/internal/config/config.go:146.2,147.19 2 1
github.com/garrison-hq/garrison/supervisor/internal/config/config.go:154.38,155.25 1 1
github.com/garrison-hq/garrison/supervisor/internal/config/config.go:155.25,157.3 1 0
github.com/garrison-hq/garrison/supervisor/internal/config/config.go:158.2,159.16 2 1
github.com/garrison-hq/garrison/supervisor/internal/config/config.go:159.16,161.3 1 0
github.com/garrison-hq/garrison/supervisor/internal/config/config.go:162.2,163.19 2 1
github.com/garrison-hq/garrison/supervisor/internal/config/config.go:167.41,167.67 1 1
github.com/garrison-hq/garrison/supervisor/internal/config/config.go:170.45,170.75 1 1
github.com/garrison-hq/garrison/supervisor/internal/config/config.go:173.49,173.83 1 1
github.com/garrison-hq/garrison/supervisor/internal/config/config.go:176.46,176.77 1 1
github.com/garrison-hq/garrison/supervisor/internal/config/config.go:179.48,179.81 1 1
github.com/garrison-hq/garrison/supervisor/internal/config/config.go:183.43,183.66 1 1
github.com/garrison-hq/garrison/supervisor/internal/config/config.go:188.30,206.17 3 1
github.com/garrison-hq/garrison/supervisor/internal/config/config.go:206.17,208.3 1 1
github.com/garrison-hq/garrison/supervisor/internal/config/config.go:209.2,209.44 1 1
github.com/garrison-hq/garrison/supervisor/internal/config/config.go:209.44,211.3 1 0
github.com/garrison-hq/garrison/supervisor/internal/config/config.go:212.2,219.68 2 1
github.com/garrison-hq/garrison/supervisor/internal/config/config.go:219.68,222.3 2 1
github.com/garrison-hq/garrison/supervisor/internal/config/config.go:224.2,224.55 1 1
github.com/garrison-hq/garrison/supervisor/internal/config/config.go:224.55,226.17 2 1
github.com/garrison-hq/garrison/supervisor/internal/config/config.go:226.17,228.4 1 0
github.com/garrison-hq/garrison/supervisor/internal/config/config.go:229.3,229.26 1 1
github.com/garrison-hq/garrison/supervisor/internal/config/config.go:229.26,231.4 1 1
github.com/garrison-hq/garrison/supervisor/internal/config/config.go:232.3,232.23 1 0
github.com/garrison-hq/garrison/supervisor/internal/config/config.go:235.2,235.60 1 1
github.com/garrison-hq/garrison/supervisor/internal/config/config.go:235.60,237.17 2 0
github.com/garrison-hq/garrison/supervisor/internal/config/config.go:237.17,239.4 1 0
github.com/garrison-hq/garrison/supervisor/internal/config/config.go:240.3,240.13 1 0
github.com/garrison-hq/garrison/supervisor/internal/config/config.go:240.13,242.4 1 0
github.com/garrison-hq/garrison/supervisor/internal/config/config.go:243.3,243.28 1 0
github.com/garrison-hq/garrison/supervisor/internal/config/config.go:246.2,246.56 1 1
github.com/garrison-hq/garrison/supervisor/internal/config/config.go:246.56,248.17 2 0
github.com/garrison-hq/garrison/supervisor/internal/config/config.go:248.17,250.4 1 0
github.com/garrison-hq/garrison/supervisor/internal/config/config.go:251.3,251.13 1 0
github.com/garrison-hq/garrison/supervisor/internal/config/config.go:251.13,253.4 1 0
github.com/garrison-hq/garrison/supervisor/internal/config/config.go:254.3,254.24 1 0
github.com/garrison-hq/garrison/supervisor/internal/config/config.go:257.2,257.53 1 1
github.com/garrison-hq/garrison/supervisor/internal/config/config.go:257.53,259.17 2 0
github.com/garrison-hq/garrison/supervisor/internal/config/config.go:259.17,261.4 1 0
github.com/garrison-hq/garrison/supervisor/internal/config/config.go:262.3,262.13 1 0
github.com/garrison-hq/garrison/supervisor/internal/config/config.go:262.13,264.4 1 0
github.com/garrison-hq/garrison/supervisor/internal/config/config.go:265.3,265.29 1 0
github.com/garrison-hq/garrison/supervisor/internal/config/config.go:268.2,268.51 1 1
github.com/garrison-hq/garrison/supervisor/internal/config/config.go:268.51,270.17 2 1
github.com/garrison-hq/garrison/supervisor/internal/config/config.go:270.17,272.4 1 1
github.com/garrison-hq/garrison/supervisor/internal/config/config.go:273.3,273.23 1 1
github.com/garrison-hq/garrison/supervisor/internal/config/config.go:276.2,278.59 2 1
github.com/garrison-hq/garrison/supervisor/internal/config/config.go:278.59,280.17 2 1
github.com/garrison-hq/garrison/supervisor/internal/config/config.go:280.17,282.4 1 1
github.com/garrison-hq/garrison/supervisor/internal/config/config.go:283.3,283.25 1 1
github.com/garrison-hq/garrison/supervisor/internal/config/config.go:283.25,285.4 1 1
github.com/garrison-hq/garrison/supervisor/internal/config/config.go:286.3,286.26 1 1
github.com/garrison-hq/garrison/supervisor/internal/config/config.go:289.2,289.56 1 1
github.com/garrison-hq/garrison/supervisor/internal/config/config.go:289.56,291.3 1 1
github.com/garrison-hq/garrison/supervisor/internal/config/config.go:296.2,296.61 1 1
github.com/garrison-hq/garrison/supervisor/internal/config/config.go:296.61,297.33 1 0
github.com/garrison-hq/garrison/supervisor/internal/config/config.go:297.33,299.4 1 0
github.com/garrison-hq/garrison/supervisor/internal/config/config.go:300.3,300.29 1 0
github.com/garrison-hq/garrison/supervisor/internal/config/config.go:302.2,302.53 1 1
github.com/garrison-hq/garrison/supervisor/internal/config/config.go:302.53,304.3 1 0
github.com/garrison-hq/garrison/supervisor/internal/config/config.go:308.2,308.44 1 1
github.com/garrison-hq/garrison/supervisor/internal/config/config.go:308.44,310.3 1 1
github.com/garrison-hq/garrison/supervisor/internal/config/config.go:311.2,311.55 1 1
github.com/garrison-hq/garrison/supervisor/internal/config/config.go:311.55,313.17 2 1
github.com/garrison-hq/garrison/supervisor/internal/config/config.go:313.17,315.4 1 0
github.com/garrison-hq/garrison/supervisor/internal/config/config.go:316.3,316.13 1 1
github.com/garrison-hq/garrison/supervisor/internal/config/config.go:316.13,318.4 1 1
github.com/garrison-hq/garrison/supervisor/internal/config/config.go:319.3,319.23 1 0
github.com/garrison-hq/garrison/supervisor/internal/config/config.go:321.2,321.64 1 1
github.com/garrison-hq/garrison/supervisor/internal/config/config.go:321.64,323.17 2 1
github.com/garrison-hq/garrison/supervisor/internal/config/config.go:323.17,325.4 1 0
github.com/garrison-hq/garrison/supervisor/internal/config/config.go:326.3,326.13 1 1
github.com/garrison-hq/garrison/supervisor/internal/config/config.go:326.13,328.4 1 1
github.com/garrison-hq/garrison/supervisor/internal/config/config.go:329.3,329.31 1 0
github.com/garrison-hq/garrison/supervisor/internal/config/config.go:331.2,331.64 1 1
github.com/garrison-hq/garrison/supervisor/internal/config/config.go:331.64,333.17 2 1
github.com/garrison-hq/garrison/supervisor/internal/config/config.go:333.17,335.4 1 0
github.com/garrison-hq/garrison/supervisor/internal/config/config.go:336.3,336.13 1 1
github.com/garrison-hq/garrison/supervisor/internal/config/config.go:336.13,338.4 1 1
github.com/garrison-hq/garrison/supervisor/internal/config/config.go:339.3,339.31 1 1
github.com/garrison-hq/garrison/supervisor/internal/config/config.go:342.2,342.99 1 1
github.com/garrison-hq/garrison/supervisor/internal/config/config.go:342.99,344.3 1 0
github.com/garrison-hq/garrison/supervisor/internal/config/config.go:348.2,348.22 1 1
github.com/garrison-hq/garrison/supervisor/internal/config/config.go:348.22,350.3 1 1
github.com/garrison-hq/garrison/supervisor/internal/config/config.go:352.2,353.14 2 1
github.com/garrison-hq/garrison/supervisor/internal/config/config.go:353.14,355.3 1 1
github.com/garrison-hq/garrison/supervisor/internal/config/config.go:356.2,361.15 3 1
github.com/garrison-hq/garrison/supervisor/internal/config/config.go:361.15,363.3 1 1
github.com/garrison-hq/garrison/supervisor/internal/config/config.go:364.2,366.60 2 1
github.com/garrison-hq/garrison/supervisor/internal/config/config.go:366.60,368.3 1 0
github.com/garrison-hq/garrison/supervisor/internal/config/config.go:370.2,371.16 2 1
github.com/garrison-hq/garrison/supervisor/internal/config/config.go:371.16,373.3 1 1
github.com/garrison-hq/garrison/supervisor/internal/config/config.go:374.2,378.16 3 1
github.com/garrison-hq/garrison/supervisor/internal/config/config.go:378.16,380.3 1 0
github.com/garrison-hq/garrison/supervisor/internal/config/config.go:381.2,390.80 2 1
github.com/garrison-hq/garrison/supervisor/internal/config/config.go:390.80,394.30 3 1
github.com/garrison-hq/garrison/supervisor/internal/config/config.go:394.30,396.4 1 1
github.com/garrison-hq/garrison/supervisor/internal/config/config.go:397.3,400.34 3 1
github.com/garrison-hq/garrison/supervisor/internal/config/config.go:400.34,402.4 1 1
github.com/garrison-hq/garrison/supervisor/internal/config/config.go:403.3,405.63 2 1
github.com/garrison-hq/garrison/supervisor/internal/config/config.go:405.63,407.4 1 1
github.com/garrison-hq/garrison/supervisor/internal/config/config.go:408.3,408.64 1 1
github.com/garrison-hq/garrison/supervisor/internal/config/config.go:408.64,410.4 1 1
github.com/garrison-hq/garrison/supervisor/internal/config/config.go:416.3,416.54 1 1
github.com/garrison-hq/garrison/supervisor/internal/config/config.go:416.54,418.37 2 1
github.com/garrison-hq/garrison/supervisor/internal/config/config.go:418.37,420.5 1 0
github.com/garrison-hq/garrison/supervisor/internal/config/config.go:421.4,421.23 1 1
github.com/garrison-hq/garrison/supervisor/internal/config/config.go:422.9,424.18 2 0
github.com/garrison-hq/garrison/supervisor/internal/config/config.go:424.18,426.5 1 0
github.com/garrison-hq/garrison/supervisor/internal/config/config.go:427.4,427.31 1 0
github.com/garrison-hq/garrison/supervisor/internal/config/config.go:431.2,431.17 1 1
github.com/garrison-hq/garrison/supervisor/internal/config/config.go:435.65,440.16 4 0
github.com/garrison-hq/garrison/supervisor/internal/config/config.go:440.16,442.3 1 0
github.com/garrison-hq/garrison/supervisor/internal/config/config.go:443.2,447.16 4 0
github.com/garrison-hq/garrison/supervisor/internal/config/config.go:447.16,450.3 1 0
github.com/garrison-hq/garrison/supervisor/internal/config/config.go:451.2,451.15 1 0
github.com/garrison-hq/garrison/supervisor/internal/config/config.go:451.15,453.3 1 0
github.com/garrison-hq/garrison/supervisor/internal/config/config.go:454.2,454.16 1 0
github.com/garrison-hq/garrison/supervisor/internal/config/config.go:460.56,461.20 1 1
github.com/garrison-hq/garrison/supervisor/internal/config/config.go:461.20,463.3 1 1
github.com/garrison-hq/garrison/supervisor/internal/config/config.go:464.2,465.16 2 1
github.com/garrison-hq/garrison/supervisor/internal/config/config.go:465.16,467.3 1 0
github.com/garrison-hq/garrison/supervisor/internal/config/config.go:468.2,468.17 1 1
github.com/garrison-hq/garrison/supervisor/internal/config/config.go:474.56,475.20 1 1
github.com/garrison-hq/garrison/supervisor/internal/config/config.go:475.20,477.3 1 1
github.com/garrison-hq/garrison/supervisor/internal/config/config.go:478.2,479.16 2 1
github.com/garrison-hq/garrison/supervisor/internal/config/config.go:479.16,481.3 1 1
github.com/garrison-hq/garrison/supervisor/internal/config/config.go:482.2,482.17 1 1
github.com/garrison-hq/garrison/supervisor/internal/config/config.go:489.42,490.48 1 1
github.com/garrison-hq/garrison/supervisor/internal/config/config.go:490.48,492.3 1 0
github.com/garrison-hq/garrison/supervisor/internal/config/config.go:493.2,494.16 2 1
github.com/garrison-hq/garrison/supervisor/internal/config/config.go:494.16,496.3 1 0
github.com/garrison-hq/garrison/supervisor/internal/config/config.go:497.2,503.12 5 1
github.com/garrison-hq/garrison/supervisor/internal/config/config.go:506.50,507.11 1 1
github.com/garrison-hq/garrison/supervisor/internal/config/config.go:508.15,509.30 1 1
github.com/garrison-hq/garrison/supervisor/internal/config/config.go:510.14,511.29 1 0
github.com/garrison-hq/garrison/supervisor/internal/config/config.go:512.14,513.29 1 1
github.com/garrison-hq/garrison/supervisor/internal/config/config.go:514.15,515.30 1 1
github.com/garrison-hq/garrison/supervisor/internal/config/config.go:516.10,517.95 1 1
