mode: set
github.com/garrison-hq/garrison/supervisor/internal/mcpconfig/mcpconfig.go:49.55,50.68 1 1
github.com/garrison-hq/garrison/supervisor/internal/mcpconfig/mcpconfig.go:50.68,52.3 1 1
github.com/garrison-hq/garrison/supervisor/internal/mcpconfig/mcpconfig.go:53.2,54.65 2 1
github.com/garrison-hq/garrison/supervisor/internal/mcpconfig/mcpconfig.go:54.65,56.3 1 1
github.com/garrison-hq/garrison/supervisor/internal/mcpconfig/mcpconfig.go:57.2,57.57 1 1
github.com/garrison-hq/garrison/supervisor/internal/mcpconfig/mcpconfig.go:64.46,65.35 1 1
github.com/garrison-hq/garrison/supervisor/internal/mcpconfig/mcpconfig.go:65.35,67.49 2 1
github.com/garrison-hq/garrison/supervisor/internal/mcpconfig/mcpconfig.go:67.49,68.40 1 1
github.com/garrison-hq/garrison/supervisor/internal/mcpconfig/mcpconfig.go:68.40,70.5 1 1
github.com/garrison-hq/garrison/supervisor/internal/mcpconfig/mcpconfig.go:73.2,73.12 1 1
github.com/garrison-hq/garrison/supervisor/internal/mcpconfig/mcpconfig.go:99.74,101.2 1 1
github.com/garrison-hq/garrison/supervisor/internal/mcpconfig/mcpconfig.go:102.40,102.66 1 1
github.com/garrison-hq/garrison/supervisor/internal/mcpconfig/mcpconfig.go:120.42,122.2 1 1
github.com/garrison-hq/garrison/supervisor/internal/mcpconfig/mcpconfig.go:139.41,141.2 1 1
github.com/garrison-hq/garrison/supervisor/internal/mcpconfig/mcpconfig.go:177.64,179.2 1 1
github.com/garrison-hq/garrison/supervisor/internal/mcpconfig/mcpconfig.go:182.82,183.17 1 1
github.com/garrison-hq/garrison/supervisor/internal/mcpconfig/mcpconfig.go:183.17,185.3 1 0
github.com/garrison-hq/garrison/supervisor/internal/mcpconfig/mcpconfig.go:186.2,186.27 1 1
github.com/garrison-hq/garrison/supervisor/internal/mcpconfig/mcpconfig.go:186.27,188.3 1 0
github.com/garrison-hq/garrison/supervisor/internal/mcpconfig/mcpconfig.go:190.2,191.16 2 1
github.com/garrison-hq/garrison/supervisor/internal/mcpconfig/mcpconfig.go:191.16,193.3 1 1
github.com/garrison-hq/garrison/supervisor/internal/mcpconfig/mcpconfig.go:194.2,203.27 3 1
github.com/garrison-hq/garrison/supervisor/internal/mcpconfig/mcpconfig.go:203.27,215.3 2 1
github.com/garrison-hq/garrison/supervisor/internal/mcpconfig/mcpconfig.go:222.2,222.26 1 1
github.com/garrison-hq/garrison/supervisor/internal/mcpconfig/mcpconfig.go:222.26,231.3 1 1
github.com/garrison-hq/garrison/supervisor/internal/mcpconfig/mcpconfig.go:236.2,236.71 1 1
github.com/garrison-hq/garrison/supervisor/internal/mcpconfig/mcpconfig.go:236.71,238.68 2 1
github.com/garrison-hq/garrison/supervisor/internal/mcpconfig/mcpconfig.go:238.68,240.4 1 1
github.com/garrison-hq/garrison/supervisor/internal/mcpconfig/mcpconfig.go:241.3,241.33 1 1
github.com/garrison-hq/garrison/supervisor/internal/mcpconfig/mcpconfig.go:241.33,243.4 1 1
github.com/garrison-hq/garrison/supervisor/internal/mcpconfig/mcpconfig.go:246.2,251.48 2 1
github.com/garrison-hq/garrison/supervisor/internal/mcpconfig/mcpconfig.go:251.48,253.3 1 1
github.com/garrison-hq/garrison/supervisor/internal/mcpconfig/mcpconfig.go:255.2,256.16 2 1
github.com/garrison-hq/garrison/supervisor/internal/mcpconfig/mcpconfig.go:256.16,260.3 1 0
github.com/garrison-hq/garrison/supervisor/internal/mcpconfig/mcpconfig.go:262.2,262.61 1 1
github.com/garrison-hq/garrison/supervisor/internal/mcpconfig/mcpconfig.go:262.61,264.3 1 1
github.com/garrison-hq/garrison/supervisor/internal/mcpconfig/mcpconfig.go:265.2,265.22 1 1
github.com/garrison-hq/garrison/supervisor/internal/mcpconfig/mcpconfig.go:272.32,272.74 1 1
github.com/garrison-hq/garrison/supervisor/internal/mcpconfig/mcpconfig.go:275.52,276.76 1 1
github.com/garrison-hq/garrison/supervisor/internal/mcpconfig/mcpconfig.go:276.76,278.3 1 1
github.com/garrison-hq/garrison/supervisor/internal/mcpconfig/mcpconfig.go:279.2,279.12 1 1
github.com/garrison-hq/garrison/supervisor/internal/mcpconfig/mcpconfig.go:284.48,286.16 2 1
github.com/garrison-hq/garrison/supervisor/internal/mcpconfig/mcpconfig.go:286.16,288.3 1 0
github.com/garrison-hq/garrison/supervisor/internal/mcpconfig/mcpconfig.go:289.2,290.9 2 1
github.com/garrison-hq/garrison/supervisor/internal/mcpconfig/mcpconfig.go:290.9,292.3 1 1
github.com/garrison-hq/garrison/supervisor/internal/mcpconfig/mcpconfig.go:293.2,293.15 1 1
