mode: set
github.com/garrison-hq/garrison/supervisor/internal/spawn/exitreason.go:68.57,69.22 1 1
github.com/garrison-hq/garrison/supervisor/internal/spawn/exitreason.go:69.22,71.3 1 1
github.com/garrison-hq/garrison/supervisor/internal/spawn/exitreason.go:72.2,72.43 1 1
github.com/garrison-hq/garrison/supervisor/internal/spawn/exitreason.go:84.49,86.13 2 1
github.com/garrison-hq/garrison/supervisor/internal/spawn/exitreason.go:87.23,88.19 1 1
github.com/garrison-hq/garrison/supervisor/internal/spawn/exitreason.go:89.23,90.19 1 1
github.com/garrison-hq/garrison/supervisor/internal/spawn/exitreason.go:91.22,92.18 1 1
github.com/garrison-hq/garrison/supervisor/internal/spawn/exitreason.go:93.22,94.18 1 1
github.com/garrison-hq/garrison/supervisor/internal/spawn/exitreason.go:95.23,96.19 1 0
github.com/garrison-hq/garrison/supervisor/internal/spawn/exitreason.go:97.23,98.19 1 0
github.com/garrison-hq/garrison/supervisor/internal/spawn/exitreason.go:99.23,100.19 1 0
github.com/garrison-hq/garrison/supervisor/internal/spawn/exitreason.go:101.23,102.19 1 0
github.com/garrison-hq/garrison/supervisor/internal/spawn/exitreason.go:103.10,104.44 1 1
github.com/garrison-hq/garrison/supervisor/internal/spawn/exitreason.go:106.2,106.27 1 1
github.com/garrison-hq/garrison/supervisor/internal/spawn/finalize.go:94.131,97.18 3 0
github.com/garrison-hq/garrison/supervisor/internal/spawn/finalize.go:97.18,99.3 1 0
github.com/garrison-hq/garrison/supervisor/internal/spawn/finalize.go:103.2,107.19 4 0
github.com/garrison-hq/garrison/supervisor/internal/spawn/finalize.go:107.19,109.3 1 0
github.com/garrison-hq/garrison/supervisor/internal/spawn/finalize.go:110.2,118.16 3 0
github.com/garrison-hq/garrison/supervisor/internal/spawn/finalize.go:118.16,125.3 1 0
github.com/garrison-hq/garrison/supervisor/internal/spawn/finalize.go:126.2,127.15 2 0
github.com/garrison-hq/garrison/supervisor/internal/spawn/finalize.go:127.15,128.17 1 0
github.com/garrison-hq/garrison/supervisor/internal/spawn/finalize.go:128.17,130.4 1 0
github.com/garrison-hq/garrison/supervisor/internal/spawn/finalize.go:133.2,135.16 3 0
github.com/garrison-hq/garrison/supervisor/internal/spawn/finalize.go:135.16,142.3 1 0
github.com/garrison-hq/garrison/supervisor/internal/spawn/finalize.go:148.2,149.64 2 0
github.com/garrison-hq/garrison/supervisor/internal/spawn/finalize.go:149.64,153.3 2 0
github.com/garrison-hq/garrison/supervisor/internal/spawn/finalize.go:157.2,158.83 2 0
github.com/garrison-hq/garrison/supervisor/internal/spawn/finalize.go:158.83,161.77 3 0
github.com/garrison-hq/garrison/supervisor/internal/spawn/finalize.go:161.77,164.4 2 0
github.com/garrison-hq/garrison/supervisor/internal/spawn/finalize.go:165.3,170.13 1 0
github.com/garrison-hq/garrison/supervisor/internal/spawn/finalize.go:175.2,176.61 2 0
github.com/garrison-hq/garrison/supervisor/internal/spawn/finalize.go:176.61,179.77 3 0
github.com/garrison-hq/garrison/supervisor/internal/spawn/finalize.go:179.77,182.4 2 0
github.com/garrison-hq/garrison/supervisor/internal/spawn/finalize.go:183.3,189.13 1 0
github.com/garrison-hq/garrison/supervisor/internal/spawn/finalize.go:194.2,201.16 3 0
github.com/garrison-hq/garrison/supervisor/internal/spawn/finalize.go:201.16,210.3 2 0
github.com/garrison-hq/garrison/supervisor/internal/spawn/finalize.go:214.2,217.17 1 0
github.com/garrison-hq/garrison/supervisor/internal/spawn/finalize.go:217.17,225.3 1 0
github.com/garrison-hq/garrison/supervisor/internal/spawn/finalize.go:228.2,231.17 1 0
github.com/garrison-hq/garrison/supervisor/internal/spawn/finalize.go:231.17,239.3 1 0
github.com/garrison-hq/garrison/supervisor/internal/spawn/finalize.go:242.2,244.29 3 0
github.com/garrison-hq/garrison/supervisor/internal/spawn/finalize.go:244.29,246.3 1 0
github.com/garrison-hq/garrison/supervisor/internal/spawn/finalize.go:247.2,253.17 1 0
github.com/garrison-hq/garrison/supervisor/internal/spawn/finalize.go:253.17,261.3 1 0
github.com/garrison-hq/garrison/supervisor/internal/spawn/finalize.go:264.2,264.64 1 0
github.com/garrison-hq/garrison/supervisor/internal/spawn/finalize.go:264.64,272.3 1 0
github.com/garrison-hq/garrison/supervisor/internal/spawn/finalize.go:277.2,277.39 1 0
github.com/garrison-hq/garrison/supervisor/internal/spawn/finalize.go:277.39,280.77 3 0
github.com/garrison-hq/garrison/supervisor/internal/spawn/finalize.go:280.77,283.4 2 0
github.com/garrison-hq/garrison/supervisor/internal/spawn/finalize.go:284.3,290.13 1 0
github.com/garrison-hq/garrison/supervisor/internal/spawn/finalize.go:292.2,301.12 3 0
github.com/garrison-hq/garrison/supervisor/internal/spawn/finalize.go:309.154,311.24 1 0
github.com/garrison-hq/garrison/supervisor/internal/spawn/finalize.go:311.24,319.3 1 0
github.com/garrison-hq/garrison/supervisor/internal/spawn/finalize.go:320.2,321.39 2 0
github.com/garrison-hq/garrison/supervisor/internal/spawn/finalize.go:321.39,323.3 1 0
github.com/garrison-hq/garrison/supervisor/internal/spawn/finalize.go:324.2,338.29 6 0
github.com/garrison-hq/garrison/supervisor/internal/spawn/finalize.go:338.29,340.3 1 0
github.com/garrison-hq/garrison/supervisor/internal/spawn/finalize.go:343.2,349.17 1 0
github.com/garrison-hq/garrison/supervisor/internal/spawn/finalize.go:349.17,354.3 1 0
github.com/garrison-hq/garrison/supervisor/internal/spawn/finalize.go:355.2,355.88 1 0
github.com/garrison-hq/garrison/supervisor/internal/spawn/finalize.go:372.126,379.49 7 1
github.com/garrison-hq/garrison/supervisor/internal/spawn/finalize.go:379.49,381.3 1 1
github.com/garrison-hq/garrison/supervisor/internal/spawn/finalize.go:382.2,383.48 2 1
github.com/garrison-hq/garrison/supervisor/internal/spawn/finalize.go:383.48,385.3 1 0
github.com/garrison-hq/garrison/supervisor/internal/spawn/finalize.go:386.2,387.51 2 1
github.com/garrison-hq/garrison/supervisor/internal/spawn/finalize.go:387.51,389.3 1 0
github.com/garrison-hq/garrison/supervisor/internal/spawn/finalize.go:390.2,393.19 4 1
github.com/garrison-hq/garrison/supervisor/internal/spawn/finalize.go:400.34,403.17 1 1
github.com/garrison-hq/garrison/supervisor/internal/spawn/finalize.go:403.17,405.3 1 1
github.com/garrison-hq/garrison/supervisor/internal/spawn/finalize.go:408.2,409.18 2 1
github.com/garrison-hq/garrison/supervisor/internal/spawn/finalize.go:412.30,413.13 1 1
github.com/garrison-hq/garrison/supervisor/internal/spawn/finalize.go:413.13,415.3 1 1
github.com/garrison-hq/garrison/supervisor/internal/spawn/finalize.go:416.2,416.30 1 1
github.com/garrison-hq/garrison/supervisor/internal/spawn/finalize.go:416.30,420.61 2 1
github.com/garrison-hq/garrison/supervisor/internal/spawn/finalize.go:420.61,422.4 1 1
github.com/garrison-hq/garrison/supervisor/internal/spawn/finalize.go:424.2,424.13 1 1
github.com/garrison-hq/garrison/supervisor/internal/spawn/finalize.go:429.68,431.23 2 1
github.com/garrison-hq/garrison/supervisor/internal/spawn/finalize.go:431.23,438.3 1 1
github.com/garrison-hq/garrison/supervisor/internal/spawn/finalize.go:439.2,439.12 1 1
github.com/garrison-hq/garrison/supervisor/internal/spawn/finalize.go:445.54,447.2 1 1
github.com/garrison-hq/garrison/supervisor/internal/spawn/finalize.go:453.71,454.32 1 1
github.com/garrison-hq/garrison/supervisor/internal/spawn/finalize.go:454.32,456.3 1 1
github.com/garrison-hq/garrison/supervisor/internal/spawn/finalize.go:457.2,457.22 1 1
github.com/garrison-hq/garrison/supervisor/internal/spawn/finalize.go:464.70,471.29 5 1
github.com/garrison-hq/garrison/supervisor/internal/spawn/finalize.go:471.29,472.87 1 1
github.com/garrison-hq/garrison/supervisor/internal/spawn/finalize.go:472.87,475.4 2 1
github.com/garrison-hq/garrison/supervisor/internal/spawn/finalize.go:476.3,476.89 1 1
github.com/garrison-hq/garrison/supervisor/internal/spawn/finalize.go:476.89,479.4 2 1
github.com/garrison-hq/garrison/supervisor/internal/spawn/finalize.go:480.3,480.86 1 1
github.com/garrison-hq/garrison/supervisor/internal/spawn/finalize.go:480.86,483.4 2 1
github.com/garrison-hq/garrison/supervisor/internal/spawn/finalize.go:486.2,486.16 1 1
github.com/garrison-hq/garrison/supervisor/internal/spawn/pgroup.go:29.64,30.38 1 1
github.com/garrison-hq/garrison/supervisor/internal/spawn/pgroup.go:30.38,32.3 1 1
github.com/garrison-hq/garrison/supervisor/internal/spawn/pgroup.go:33.2,34.48 2 1
github.com/garrison-hq/garrison/supervisor/internal/spawn/pgroup.go:34.48,35.36 1 1
github.com/garrison-hq/garrison/supervisor/internal/spawn/pgroup.go:35.36,39.4 2 1
github.com/garrison-hq/garrison/supervisor/internal/spawn/pgroup.go:40.3,40.72 1 0
github.com/garrison-hq/garrison/supervisor/internal/spawn/pgroup.go:42.2,42.12 1 1
github.com/garrison-hq/garrison/supervisor/internal/spawn/pipeline.go:168.43,170.62 2 1
github.com/garrison-hq/garrison/supervisor/internal/spawn/pipeline.go:170.62,172.3 1 0
github.com/garrison-hq/garrison/supervisor/internal/spawn/pipeline.go:173.2,173.34 1 1
github.com/garrison-hq/garrison/supervisor/internal/spawn/pipeline.go:179.44,181.62 2 1
github.com/garrison-hq/garrison/supervisor/internal/spawn/pipeline.go:181.62,183.3 1 0
github.com/garrison-hq/garrison/supervisor/internal/spawn/pipeline.go:184.2,185.59 2 1
github.com/garrison-hq/garrison/supervisor/internal/spawn/pipeline.go:188.102,190.14 2 1
github.com/garrison-hq/garrison/supervisor/internal/spawn/pipeline.go:190.14,200.3 5 1
github.com/garrison-hq/garrison/supervisor/internal/spawn/pipeline.go:201.2,209.41 3 1
github.com/garrison-hq/garrison/supervisor/internal/spawn/pipeline.go:212.87,223.32 3 1
github.com/garrison-hq/garrison/supervisor/internal/spawn/pipeline.go:223.32,224.35 1 1
github.com/garrison-hq/garrison/supervisor/internal/spawn/pipeline.go:224.35,225.33 1 1
github.com/garrison-hq/garrison/supervisor/internal/spawn/pipeline.go:225.33,227.5 1 1
github.com/garrison-hq/garrison/supervisor/internal/spawn/pipeline.go:228.4,236.12 3 1
github.com/garrison-hq/garrison/supervisor/internal/spawn/pipeline.go:243.3,243.82 1 1
github.com/garrison-hq/garrison/supervisor/internal/spawn/pipeline.go:243.82,244.32 1 1
github.com/garrison-hq/garrison/supervisor/internal/spawn/pipeline.go:244.32,246.5 1 1
github.com/garrison-hq/garrison/supervisor/internal/spawn/pipeline.go:247.4,248.39 2 1
github.com/garrison-hq/garrison/supervisor/internal/spawn/pipeline.go:248.39,250.5 1 1
github.com/garrison-hq/garrison/supervisor/internal/spawn/pipeline.go:252.4,252.28 1 1
github.com/garrison-hq/garrison/supervisor/internal/spawn/pipeline.go:252.28,256.5 3 1
github.com/garrison-hq/garrison/supervisor/internal/spawn/pipeline.go:257.4,257.35 1 1
github.com/garrison-hq/garrison/supervisor/internal/spawn/pipeline.go:257.35,264.5 1 1
github.com/garrison-hq/garrison/supervisor/internal/spawn/pipeline.go:265.4,272.35 2 1
github.com/garrison-hq/garrison/supervisor/internal/spawn/pipeline.go:272.35,274.5 1 0
github.com/garrison-hq/garrison/supervisor/internal/spawn/pipeline.go:279.77,280.35 1 1
github.com/garrison-hq/garrison/supervisor/internal/spawn/pipeline.go:280.35,283.55 1 1
github.com/garrison-hq/garrison/supervisor/internal/spawn/pipeline.go:283.55,285.18 2 1
github.com/garrison-hq/garrison/supervisor/internal/spawn/pipeline.go:285.18,287.5 1 1
github.com/garrison-hq/garrison/supervisor/internal/spawn/pipeline.go:288.4,296.44 2 1
github.com/garrison-hq/garrison/supervisor/internal/spawn/pipeline.go:304.3,304.51 1 1
github.com/garrison-hq/garrison/supervisor/internal/spawn/pipeline.go:304.51,307.12 3 1
github.com/garrison-hq/garrison/supervisor/internal/spawn/pipeline.go:310.3,310.17 1 1
github.com/garrison-hq/garrison/supervisor/internal/spawn/pipeline.go:310.17,315.4 1 1
github.com/garrison-hq/garrison/supervisor/internal/spawn/pipeline.go:327.85,328.50 1 1
github.com/garrison-hq/garrison/supervisor/internal/spawn/pipeline.go:328.50,330.3 1 0
github.com/garrison-hq/garrison/supervisor/internal/spawn/pipeline.go:331.2,338.21 2 1
github.com/garrison-hq/garrison/supervisor/internal/spawn/pipeline.go:338.21,340.3 1 1
github.com/garrison-hq/garrison/supervisor/internal/spawn/pipeline.go:343.2,343.32 1 1
github.com/garrison-hq/garrison/supervisor/internal/spawn/pipeline.go:343.32,353.3 2 1
github.com/garrison-hq/garrison/supervisor/internal/spawn/pipeline.go:355.2,366.13 3 1
github.com/garrison-hq/garrison/supervisor/internal/spawn/pipeline.go:366.13,370.33 3 1
github.com/garrison-hq/garrison/supervisor/internal/spawn/pipeline.go:370.33,371.55 1 1
github.com/garrison-hq/garrison/supervisor/internal/spawn/pipeline.go:371.55,380.5 1 0
github.com/garrison-hq/garrison/supervisor/internal/spawn/pipeline.go:382.3,382.9 1 1
github.com/garrison-hq/garrison/supervisor/internal/spawn/pipeline.go:386.2,386.30 1 1
github.com/garrison-hq/garrison/supervisor/internal/spawn/pipeline.go:386.30,392.31 3 1
github.com/garrison-hq/garrison/supervisor/internal/spawn/pipeline.go:392.31,394.4 1 1
github.com/garrison-hq/garrison/supervisor/internal/spawn/pipeline.go:398.87,409.2 1 1
github.com/garrison-hq/garrison/supervisor/internal/spawn/pipeline.go:411.81,416.23 5 1
github.com/garrison-hq/garrison/supervisor/internal/spawn/pipeline.go:416.23,418.3 1 1
github.com/garrison-hq/garrison/supervisor/internal/spawn/pipeline.go:419.2,425.45 1 1
github.com/garrison-hq/garrison/supervisor/internal/spawn/pipeline.go:428.91,431.2 1 0
github.com/garrison-hq/garrison/supervisor/internal/spawn/pipeline.go:433.83,439.2 1 1
github.com/garrison-hq/garrison/supervisor/internal/spawn/pipeline.go:458.19,459.19 1 1
github.com/garrison-hq/garrison/supervisor/internal/spawn/pipeline.go:459.19,461.3 1 1
github.com/garrison-hq/garrison/supervisor/internal/spawn/pipeline.go:462.2,474.48 3 1
github.com/garrison-hq/garrison/supervisor/internal/spawn/pipeline.go:474.48,481.3 2 0
github.com/garrison-hq/garrison/supervisor/internal/spawn/pipeline.go:483.2,486.21 3 1
github.com/garrison-hq/garrison/supervisor/internal/spawn/pipeline.go:486.21,488.21 2 1
github.com/garrison-hq/garrison/supervisor/internal/spawn/pipeline.go:488.21,489.12 1 1
github.com/garrison-hq/garrison/supervisor/internal/spawn/pipeline.go:494.3,498.17 4 1
github.com/garrison-hq/garrison/supervisor/internal/spawn/pipeline.go:498.17,504.21 3 1
github.com/garrison-hq/garrison/supervisor/internal/spawn/pipeline.go:504.21,506.5 1 1
github.com/garrison-hq/garrison/supervisor/internal/spawn/pipeline.go:507.4,507.50 1 1
github.com/garrison-hq/garrison/supervisor/internal/spawn/pipeline.go:509.3,509.45 1 1
github.com/garrison-hq/garrison/supervisor/internal/spawn/pipeline.go:509.45,511.24 2 1
github.com/garrison-hq/garrison/supervisor/internal/spawn/pipeline.go:511.24,513.5 1 1
github.com/garrison-hq/garrison/supervisor/internal/spawn/pipeline.go:514.4,514.21 1 1
github.com/garrison-hq/garrison/supervisor/internal/spawn/pipeline.go:514.21,516.5 1 1
github.com/garrison-hq/garrison/supervisor/internal/spawn/pipeline.go:521.4,521.12 1 1
github.com/garrison-hq/garrison/supervisor/internal/spawn/pipeline.go:524.2,524.65 1 1
github.com/garrison-hq/garrison/supervisor/internal/spawn/pipeline.go:524.65,526.3 1 1
github.com/garrison-hq/garrison/supervisor/internal/spawn/pipeline.go:527.2,527.20 1 1
github.com/garrison-hq/garrison/supervisor/internal/spawn/pipeline.go:541.118,542.9 1 1
github.com/garrison-hq/garrison/supervisor/internal/spawn/pipeline.go:543.24,544.86 1 1
github.com/garrison-hq/garrison/supervisor/internal/spawn/pipeline.go:545.25,546.34 1 1
github.com/garrison-hq/garrison/supervisor/internal/spawn/pipeline.go:547.30,548.42 1 1
github.com/garrison-hq/garrison/supervisor/internal/spawn/pipeline.go:549.60,553.32 1 1
github.com/garrison-hq/garrison/supervisor/internal/spawn/pipeline.go:554.99,560.38 1 1
github.com/garrison-hq/garrison/supervisor/internal/spawn/pipeline.go:561.29,567.39 1 1
github.com/garrison-hq/garrison/supervisor/internal/spawn/pipeline.go:568.21,569.48 1 1
github.com/garrison-hq/garrison/supervisor/internal/spawn/pipeline.go:570.26,571.32 1 1
github.com/garrison-hq/garrison/supervisor/internal/spawn/pipeline.go:572.74,590.38 1 1
github.com/garrison-hq/garrison/supervisor/internal/spawn/pipeline.go:591.22,592.35 1 1
github.com/garrison-hq/garrison/supervisor/internal/spawn/pipeline.go:593.48,599.43 1 1
github.com/garrison-hq/garrison/supervisor/internal/spawn/pipeline.go:600.19,601.40 1 1
github.com/garrison-hq/garrison/supervisor/internal/spawn/pipeline.go:602.10,603.36 1 1
github.com/garrison-hq/garrison/supervisor/internal/spawn/pipeline.go:612.44,613.33 1 1
github.com/garrison-hq/garrison/supervisor/internal/spawn/pipeline.go:613.33,615.16 2 1
github.com/garrison-hq/garrison/supervisor/internal/spawn/pipeline.go:615.16,616.12 1 1
github.com/garrison-hq/garrison/supervisor/internal/spawn/pipeline.go:618.3,622.32 1 1
github.com/garrison-hq/garrison/supervisor/internal/spawn/pipeline.go:622.32,624.4 1 1
github.com/garrison-hq/garrison/supervisor/internal/spawn/pipeline.go:626.2,626.14 1 1
github.com/garrison-hq/garrison/supervisor/internal/spawn/pipeline.go:629.32,630.26 1 1
github.com/garrison-hq/garrison/supervisor/internal/spawn/pipeline.go:630.26,632.3 1 1
github.com/garrison-hq/garrison/supervisor/internal/spawn/pipeline.go:633.2,633.10 1 1
github.com/garrison-hq/garrison/supervisor/internal/spawn/pipeline.go:640.39,641.14 1 1
github.com/garrison-hq/garrison/supervisor/internal/spawn/pipeline.go:641.14,643.3 1 1
github.com/garrison-hq/garrison/supervisor/internal/spawn/pipeline.go:644.2,649.22 5 1
github.com/garrison-hq/garrison/supervisor/internal/spawn/pipeline.go:649.22,650.12 1 1
github.com/garrison-hq/garrison/supervisor/internal/spawn/pipeline.go:651.20,653.7 2 1
github.com/garrison-hq/garrison/supervisor/internal/spawn/pipeline.go:655.3,657.9 3 1
github.com/garrison-hq/garrison/supervisor/internal/spawn/pipeline.go:659.2,659.20 1 1
github.com/garrison-hq/garrison/supervisor/internal/spawn/spawn.go:121.30,123.2 1 1
github.com/garrison-hq/garrison/supervisor/internal/spawn/spawn.go:135.88,136.20 1 0
github.com/garrison-hq/garrison/supervisor/internal/spawn/spawn.go:136.20,138.3 1 0
github.com/garrison-hq/garrison/supervisor/internal/spawn/spawn.go:139.2,140.16 2 0
github.com/garrison-hq/garrison/supervisor/internal/spawn/spawn.go:140.16,142.3 1 0
github.com/garrison-hq/garrison/supervisor/internal/spawn/spawn.go:143.2,146.16 3 0
github.com/garrison-hq/garrison/supervisor/internal/spawn/spawn.go:146.16,149.3 2 0
github.com/garrison-hq/garrison/supervisor/internal/spawn/spawn.go:150.2,150.27 1 0
github.com/garrison-hq/garrison/supervisor/internal/spawn/spawn.go:150.27,153.3 2 0
github.com/garrison-hq/garrison/supervisor/internal/spawn/spawn.go:155.2,160.62 2 0
github.com/garrison-hq/garrison/supervisor/internal/spawn/spawn.go:160.62,163.3 2 0
github.com/garrison-hq/garrison/supervisor/internal/spawn/spawn.go:164.2,165.16 2 0
github.com/garrison-hq/garrison/supervisor/internal/spawn/spawn.go:165.16,168.3 2 0
github.com/garrison-hq/garrison/supervisor/internal/spawn/spawn.go:169.2,170.16 2 0
github.com/garrison-hq/garrison/supervisor/internal/spawn/spawn.go:170.16,173.3 2 0
github.com/garrison-hq/garrison/supervisor/internal/spawn/spawn.go:175.2,176.16 2 0
github.com/garrison-hq/garrison/supervisor/internal/spawn/spawn.go:176.16,177.37 1 0
github.com/garrison-hq/garrison/supervisor/internal/spawn/spawn.go:177.37,180.4 2 0
github.com/garrison-hq/garrison/supervisor/internal/spawn/spawn.go:183.3,183.60 1 0
github.com/garrison-hq/garrison/supervisor/internal/spawn/spawn.go:183.60,186.4 2 0
github.com/garrison-hq/garrison/supervisor/internal/spawn/spawn.go:187.3,187.40 1 0
github.com/garrison-hq/garrison/supervisor/internal/spawn/spawn.go:187.40,189.4 1 0
github.com/garrison-hq/garrison/supervisor/internal/spawn/spawn.go:190.3,196.13 2 0
github.com/garrison-hq/garrison/supervisor/internal/spawn/spawn.go:199.2,200.16 2 0
github.com/garrison-hq/garrison/supervisor/internal/spawn/spawn.go:200.16,203.3 2 0
github.com/garrison-hq/garrison/supervisor/internal/spawn/spawn.go:204.2,204.14 1 0
github.com/garrison-hq/garrison/supervisor/internal/spawn/spawn.go:204.14,213.3 3 0
github.com/garrison-hq/garrison/supervisor/internal/spawn/spawn.go:215.2,220.16 2 0
github.com/garrison-hq/garrison/supervisor/internal/spawn/spawn.go:220.16,223.3 2 0
github.com/garrison-hq/garrison/supervisor/internal/spawn/spawn.go:224.2,224.39 1 0
github.com/garrison-hq/garrison/supervisor/internal/spawn/spawn.go:224.39,226.3 1 0
github.com/garrison-hq/garrison/supervisor/internal/spawn/spawn.go:228.2,228.20 1 0
github.com/garrison-hq/garrison/supervisor/internal/spawn/spawn.go:228.20,230.3 1 0
github.com/garrison-hq/garrison/supervisor/internal/spawn/spawn.go:231.2,231.91 1 0
github.com/garrison-hq/garrison/supervisor/internal/spawn/spawn.go:252.9,257.16 4 0
github.com/garrison-hq/garrison/supervisor/internal/spawn/spawn.go:257.16,259.3 1 0
github.com/garrison-hq/garrison/supervisor/internal/spawn/spawn.go:260.2,261.16 2 0
github.com/garrison-hq/garrison/supervisor/internal/spawn/spawn.go:261.16,263.3 1 0
github.com/garrison-hq/garrison/supervisor/internal/spawn/spawn.go:264.2,265.16 2 0
github.com/garrison-hq/garrison/supervisor/internal/spawn/spawn.go:265.16,267.3 1 0
github.com/garrison-hq/garrison/supervisor/internal/spawn/spawn.go:268.2,268.36 1 0
github.com/garrison-hq/garrison/supervisor/internal/spawn/spawn.go:268.36,270.3 1 0
github.com/garrison-hq/garrison/supervisor/internal/spawn/spawn.go:272.2,285.12 7 0
github.com/garrison-hq/garrison/supervisor/internal/spawn/spawn.go:285.12,285.38 1 0
github.com/garrison-hq/garrison/supervisor/internal/spawn/spawn.go:287.2,292.9 2 0
github.com/garrison-hq/garrison/supervisor/internal/spawn/spawn.go:293.25,294.16 1 0
github.com/garrison-hq/garrison/supervisor/internal/spawn/spawn.go:295.20,298.10 3 0
github.com/garrison-hq/garrison/supervisor/internal/spawn/spawn.go:299.26,300.17 1 0
github.com/garrison-hq/garrison/supervisor/internal/spawn/spawn.go:301.42,304.24 3 0
github.com/garrison-hq/garrison/supervisor/internal/spawn/spawn.go:307.2,311.9 4 0
github.com/garrison-hq/garrison/supervisor/internal/spawn/spawn.go:312.29,313.28 1 0
github.com/garrison-hq/garrison/supervisor/internal/spawn/spawn.go:314.58,315.36 1 0
github.com/garrison-hq/garrison/supervisor/internal/spawn/spawn.go:318.2,321.57 3 0
github.com/garrison-hq/garrison/supervisor/internal/spawn/spawn.go:321.57,323.3 1 0
github.com/garrison-hq/garrison/supervisor/internal/spawn/spawn.go:325.2,327.86 3 0
github.com/garrison-hq/garrison/supervisor/internal/spawn/spawn.go:348.9,361.45 4 0
github.com/garrison-hq/garrison/supervisor/internal/spawn/spawn.go:361.45,364.3 1 0
github.com/garrison-hq/garrison/supervisor/internal/spawn/spawn.go:368.2,368.29 1 0
github.com/garrison-hq/garrison/supervisor/internal/spawn/spawn.go:368.29,371.3 2 0
github.com/garrison-hq/garrison/supervisor/internal/spawn/spawn.go:372.2,373.16 2 0
github.com/garrison-hq/garrison/supervisor/internal/spawn/spawn.go:373.16,376.3 2 0
github.com/garrison-hq/garrison/supervisor/internal/spawn/spawn.go:383.2,383.69 1 0
github.com/garrison-hq/garrison/supervisor/internal/spawn/spawn.go:383.69,384.50 1 0
github.com/garrison-hq/garrison/supervisor/internal/spawn/spawn.go:384.50,387.4 2 0
github.com/garrison-hq/garrison/supervisor/internal/spawn/spawn.go:388.3,389.36 2 0
github.com/garrison-hq/garrison/supervisor/internal/spawn/spawn.go:391.2,392.21 2 0
github.com/garrison-hq/garrison/supervisor/internal/spawn/spawn.go:392.21,394.3 1 0
github.com/garrison-hq/garrison/supervisor/internal/spawn/spawn.go:396.2,396.15 1 0
github.com/garrison-hq/garrison/supervisor/internal/spawn/spawn.go:396.15,397.26 1 0
github.com/garrison-hq/garrison/supervisor/internal/spawn/spawn.go:397.26,400.4 2 0
github.com/garrison-hq/garrison/supervisor/internal/spawn/spawn.go:405.2,410.56 3 0
github.com/garrison-hq/garrison/supervisor/internal/spawn/spawn.go:410.56,428.3 7 0
github.com/garrison-hq/garrison/supervisor/internal/spawn/spawn.go:438.2,456.16 2 0
github.com/garrison-hq/garrison/supervisor/internal/spawn/spawn.go:456.16,457.50 1 0
github.com/garrison-hq/garrison/supervisor/internal/spawn/spawn.go:457.50,460.4 2 0
github.com/garrison-hq/garrison/supervisor/internal/spawn/spawn.go:461.3,462.36 2 0
github.com/garrison-hq/garrison/supervisor/internal/spawn/spawn.go:465.2,465.15 1 0
github.com/garrison-hq/garrison/supervisor/internal/spawn/spawn.go:465.15,466.55 1 0
github.com/garrison-hq/garrison/supervisor/internal/spawn/spawn.go:466.55,468.4 1 0
github.com/garrison-hq/garrison/supervisor/internal/spawn/spawn.go:472.2,476.17 4 0
github.com/garrison-hq/garrison/supervisor/internal/spawn/spawn.go:476.17,478.3 1 0
github.com/garrison-hq/garrison/supervisor/internal/spawn/spawn.go:483.2,488.17 3 0
github.com/garrison-hq/garrison/supervisor/internal/spawn/spawn.go:488.17,490.3 1 0
github.com/garrison-hq/garrison/supervisor/internal/spawn/spawn.go:491.2,505.60 4 0
github.com/garrison-hq/garrison/supervisor/internal/spawn/spawn.go:505.60,507.3 1 0
github.com/garrison-hq/garrison/supervisor/internal/spawn/spawn.go:508.2,511.28 2 0
github.com/garrison-hq/garrison/supervisor/internal/spawn/spawn.go:511.28,511.77 1 0
github.com/garrison-hq/garrison/supervisor/internal/spawn/spawn.go:514.2,516.16 3 0
github.com/garrison-hq/garrison/supervisor/internal/spawn/spawn.go:516.16,519.3 2 0
github.com/garrison-hq/garrison/supervisor/internal/spawn/spawn.go:520.2,523.16 4 0
github.com/garrison-hq/garrison/supervisor/internal/spawn/spawn.go:523.16,525.3 1 0
github.com/garrison-hq/garrison/supervisor/internal/spawn/spawn.go:526.2,527.16 2 0
github.com/garrison-hq/garrison/supervisor/internal/spawn/spawn.go:527.16,529.3 1 0
github.com/garrison-hq/garrison/supervisor/internal/spawn/spawn.go:535.2,535.22 1 0
github.com/garrison-hq/garrison/supervisor/internal/spawn/spawn.go:535.22,537.35 2 0
github.com/garrison-hq/garrison/supervisor/internal/spawn/spawn.go:537.35,540.4 1 0
github.com/garrison-hq/garrison/supervisor/internal/spawn/spawn.go:541.3,541.16 1 0
github.com/garrison-hq/garrison/supervisor/internal/spawn/spawn.go:545.2,545.36 1 0
github.com/garrison-hq/garrison/supervisor/internal/spawn/spawn.go:545.36,548.3 2 0
github.com/garrison-hq/garrison/supervisor/internal/spawn/spawn.go:550.2,557.17 3 0
github.com/garrison-hq/garrison/supervisor/internal/spawn/spawn.go:557.17,559.3 1 0
github.com/garrison-hq/garrison/supervisor/internal/spawn/spawn.go:564.2,565.27 2 0
github.com/garrison-hq/garrison/supervisor/internal/spawn/spawn.go:565.27,566.42 1 0
github.com/garrison-hq/garrison/supervisor/internal/spawn/spawn.go:566.42,568.4 1 0
github.com/garrison-hq/garrison/supervisor/internal/spawn/spawn.go:569.3,569.64 1 0
github.com/garrison-hq/garrison/supervisor/internal/spawn/spawn.go:569.64,571.4 1 0
github.com/garrison-hq/garrison/supervisor/internal/spawn/spawn.go:580.2,595.53 7 0
github.com/garrison-hq/garrison/supervisor/internal/spawn/spawn.go:595.53,596.25 1 0
github.com/garrison-hq/garrison/supervisor/internal/spawn/spawn.go:596.25,599.4 2 0
github.com/garrison-hq/garrison/supervisor/internal/spawn/spawn.go:600.3,601.18 2 0
github.com/garrison-hq/garrison/supervisor/internal/spawn/spawn.go:601.18,609.4 2 0
github.com/garrison-hq/garrison/supervisor/internal/spawn/spawn.go:614.3,615.25 2 0
github.com/garrison-hq/garrison/supervisor/internal/spawn/spawn.go:615.25,617.4 1 0
github.com/garrison-hq/garrison/supervisor/internal/spawn/spawn.go:618.3,619.30 2 0
github.com/garrison-hq/garrison/supervisor/internal/spawn/spawn.go:619.30,621.4 1 0
github.com/garrison-hq/garrison/supervisor/internal/spawn/spawn.go:622.3,637.5 1 0
github.com/garrison-hq/garrison/supervisor/internal/spawn/spawn.go:640.2,640.12 1 0
github.com/garrison-hq/garrison/supervisor/internal/spawn/spawn.go:640.12,647.3 2 0
github.com/garrison-hq/garrison/supervisor/internal/spawn/spawn.go:648.2,648.12 1 0
github.com/garrison-hq/garrison/supervisor/internal/spawn/spawn.go:648.12,652.22 4 0
github.com/garrison-hq/garrison/supervisor/internal/spawn/spawn.go:652.22,654.4 1 0
github.com/garrison-hq/garrison/supervisor/internal/spawn/spawn.go:661.2,665.9 2 0
github.com/garrison-hq/garrison/supervisor/internal/spawn/spawn.go:666.22,666.22 0 0
github.com/garrison-hq/garrison/supervisor/internal/spawn/spawn.go:671.20,673.64 2 0
github.com/garrison-hq/garrison/supervisor/internal/spawn/spawn.go:673.64,675.4 1 0
github.com/garrison-hq/garrison/supervisor/internal/spawn/spawn.go:676.3,676.10 1 0
github.com/garrison-hq/garrison/supervisor/internal/spawn/spawn.go:677.23,677.23 0 0
github.com/garrison-hq/garrison/supervisor/internal/spawn/spawn.go:678.42,679.65 1 0
github.com/garrison-hq/garrison/supervisor/internal/spawn/spawn.go:679.65,681.5 1 0
github.com/garrison-hq/garrison/supervisor/internal/spawn/spawn.go:682.4,683.18 2 0
github.com/garrison-hq/garrison/supervisor/internal/spawn/spawn.go:686.2,693.57 3 0
github.com/garrison-hq/garrison/supervisor/internal/spawn/spawn.go:693.57,695.3 1 0
github.com/garrison-hq/garrison/supervisor/internal/spawn/spawn.go:697.2,697.46 1 0
github.com/garrison-hq/garrison/supervisor/internal/spawn/spawn.go:697.46,699.3 1 0
github.com/garrison-hq/garrison/supervisor/internal/spawn/spawn.go:702.2,704.9 3 0
github.com/garrison-hq/garrison/supervisor/internal/spawn/spawn.go:705.29,706.32 1 0
github.com/garrison-hq/garrison/supervisor/internal/spawn/spawn.go:707.58,708.40 1 0
github.com/garrison-hq/garrison/supervisor/internal/spawn/spawn.go:710.2,715.116 2 0
github.com/garrison-hq/garrison/supervisor/internal/spawn/spawn.go:715.116,718.3 2 0
github.com/garrison-hq/garrison/supervisor/internal/spawn/spawn.go:733.2,734.75 2 0
github.com/garrison-hq/garrison/supervisor/internal/spawn/spawn.go:734.75,736.3 1 0
github.com/garrison-hq/garrison/supervisor/internal/spawn/spawn.go:745.2,745.29 1 0
github.com/garrison-hq/garrison/supervisor/internal/spawn/spawn.go:745.29,751.3 2 0
github.com/garrison-hq/garrison/supervisor/internal/spawn/spawn.go:756.2,761.24 3 0
github.com/garrison-hq/garrison/supervisor/internal/spawn/spawn.go:761.24,763.3 1 0
github.com/garrison-hq/garrison/supervisor/internal/spawn/spawn.go:765.2,783.84 5 0
github.com/garrison-hq/garrison/supervisor/internal/spawn/spawn.go:794.64,795.18 1 1
github.com/garrison-hq/garrison/supervisor/internal/spawn/spawn.go:796.18,800.32 1 1
github.com/garrison-hq/garrison/supervisor/internal/spawn/spawn.go:801.21,802.14 1 1
github.com/garrison-hq/garrison/supervisor/internal/spawn/spawn.go:803.10,804.15 1 1
github.com/garrison-hq/garrison/supervisor/internal/spawn/spawn.go:816.64,817.18 1 0
github.com/garrison-hq/garrison/supervisor/internal/spawn/spawn.go:818.18,819.32 1 0
github.com/garrison-hq/garrison/supervisor/internal/spawn/spawn.go:820.21,821.14 1 0
github.com/garrison-hq/garrison/supervisor/internal/spawn/spawn.go:822.10,823.15 1 0
github.com/garrison-hq/garrison/supervisor/internal/spawn/spawn.go:837.71,838.18 1 1
github.com/garrison-hq/garrison/supervisor/internal/spawn/spawn.go:839.18,840.27 1 1
github.com/garrison-hq/garrison/supervisor/internal/spawn/spawn.go:840.27,842.4 1 1
github.com/garrison-hq/garrison/supervisor/internal/spawn/spawn.go:843.3,843.31 1 1
github.com/garrison-hq/garrison/supervisor/internal/spawn/spawn.go:844.21,845.29 1 1
github.com/garrison-hq/garrison/supervisor/internal/spawn/spawn.go:846.10,847.24 1 1
github.com/garrison-hq/garrison/supervisor/internal/spawn/spawn.go:855.57,857.16 2 0
github.com/garrison-hq/garrison/supervisor/internal/spawn/spawn.go:857.16,859.3 1 0
github.com/garrison-hq/garrison/supervisor/internal/spawn/spawn.go:860.2,861.24 2 0
github.com/garrison-hq/garrison/supervisor/internal/spawn/spawn.go:868.62,869.16 1 0
github.com/garrison-hq/garrison/supervisor/internal/spawn/spawn.go:869.16,871.3 1 0
github.com/garrison-hq/garrison/supervisor/internal/spawn/spawn.go:872.2,873.37 2 0
github.com/garrison-hq/garrison/supervisor/internal/spawn/spawn.go:873.37,875.3 1 0
github.com/garrison-hq/garrison/supervisor/internal/spawn/spawn.go:876.2,876.15 1 0
github.com/garrison-hq/garrison/supervisor/internal/spawn/spawn.go:883.46,884.11 1 0
github.com/garrison-hq/garrison/supervisor/internal/spawn/spawn.go:885.17,886.25 1 0
github.com/garrison-hq/garrison/supervisor/internal/spawn/spawn.go:887.17,888.25 1 0
github.com/garrison-hq/garrison/supervisor/internal/spawn/spawn.go:889.16,890.24 1 0
github.com/garrison-hq/garrison/supervisor/internal/spawn/spawn.go:891.16,892.24 1 0
github.com/garrison-hq/garrison/supervisor/internal/spawn/spawn.go:893.17,894.25 1 0
github.com/garrison-hq/garrison/supervisor/internal/spawn/spawn.go:895.17,896.25 1 0
github.com/garrison-hq/garrison/supervisor/internal/spawn/spawn.go:897.17,898.25 1 0
github.com/garrison-hq/garrison/supervisor/internal/spawn/spawn.go:899.17,900.25 1 0
github.com/garrison-hq/garrison/supervisor/internal/spawn/spawn.go:901.10,902.11 1 0
github.com/garrison-hq/garrison/supervisor/internal/spawn/spawn.go:906.31,906.44 1 0
github.com/garrison-hq/garrison/supervisor/internal/spawn/spawn.go:923.98,924.9 1 1
github.com/garrison-hq/garrison/supervisor/internal/spawn/spawn.go:925.51,926.66 1 1
github.com/garrison-hq/garrison/supervisor/internal/spawn/spawn.go:927.43,928.24 1 0
github.com/garrison-hq/garrison/supervisor/internal/spawn/spawn.go:928.24,930.4 1 0
github.com/garrison-hq/garrison/supervisor/internal/spawn/spawn.go:931.3,931.77 1 0
github.com/garrison-hq/garrison/supervisor/internal/spawn/spawn.go:932.21,933.75 1 1
github.com/garrison-hq/garrison/supervisor/internal/spawn/spawn.go:934.21,935.72 1 1
github.com/garrison-hq/garrison/supervisor/internal/spawn/spawn.go:936.10,937.93 1 1
github.com/garrison-hq/garrison/supervisor/internal/spawn/spawn.go:944.118,946.16 2 0
github.com/garrison-hq/garrison/supervisor/internal/spawn/spawn.go:946.16,948.3 1 0
github.com/garrison-hq/garrison/supervisor/internal/spawn/spawn.go:949.2,955.17 3 0
github.com/garrison-hq/garrison/supervisor/internal/spawn/spawn.go:955.17,958.3 2 0
github.com/garrison-hq/garrison/supervisor/internal/spawn/spawn.go:959.2,959.59 1 0
github.com/garrison-hq/garrison/supervisor/internal/spawn/spawn.go:959.59,962.3 2 0
github.com/garrison-hq/garrison/supervisor/internal/spawn/spawn.go:963.2,963.39 1 0
github.com/garrison-hq/garrison/supervisor/internal/spawn/spawn.go:963.39,965.3 1 0
github.com/garrison-hq/garrison/supervisor/internal/spawn/spawn.go:966.2,966.12 1 0
github.com/garrison-hq/garrison/supervisor/internal/spawn/spawn.go:981.9,983.16 2 0
github.com/garrison-hq/garrison/supervisor/internal/spawn/spawn.go:983.16,985.3 1 0
github.com/garrison-hq/garrison/supervisor/internal/spawn/spawn.go:986.2,993.17 3 0
github.com/garrison-hq/garrison/supervisor/internal/spawn/spawn.go:993.17,996.3 2 0
github.com/garrison-hq/garrison/supervisor/internal/spawn/spawn.go:997.2,997.40 1 0
github.com/garrison-hq/garrison/supervisor/internal/spawn/spawn.go:997.40,1004.18 2 0
github.com/garrison-hq/garrison/supervisor/internal/spawn/spawn.go:1004.18,1007.4 2 0
github.com/garrison-hq/garrison/supervisor/internal/spawn/spawn.go:1008.3,1011.18 1 0
github.com/garrison-hq/garrison/supervisor/internal/spawn/spawn.go:1011.18,1014.4 2 0
github.com/garrison-hq/garrison/supervisor/internal/spawn/spawn.go:1016.2,1016.59 1 0
github.com/garrison-hq/garrison/supervisor/internal/spawn/spawn.go:1016.59,1019.3 2 0
github.com/garrison-hq/garrison/supervisor/internal/spawn/spawn.go:1020.2,1020.39 1 0
github.com/garrison-hq/garrison/supervisor/internal/spawn/spawn.go:1020.39,1022.3 1 0
github.com/garrison-hq/garrison/supervisor/internal/spawn/spawn.go:1023.2,1023.12 1 0
github.com/garrison-hq/garrison/supervisor/internal/spawn/spawn.go:1046.9,1048.16 2 0
github.com/garrison-hq/garrison/supervisor/internal/spawn/spawn.go:1048.16,1050.3 1 0
github.com/garrison-hq/garrison/supervisor/internal/spawn/spawn.go:1051.2,1054.24 4 0
github.com/garrison-hq/garrison/supervisor/internal/spawn/spawn.go:1054.24,1056.3 1 0
github.com/garrison-hq/garrison/supervisor/internal/spawn/spawn.go:1057.2,1063.17 1 0
github.com/garrison-hq/garrison/supervisor/internal/spawn/spawn.go:1063.17,1066.3 2 0
github.com/garrison-hq/garrison/supervisor/internal/spawn/spawn.go:1067.2,1067.72 1 0
github.com/garrison-hq/garrison/supervisor/internal/spawn/spawn.go:1067.72,1074.18 2 0
github.com/garrison-hq/garrison/supervisor/internal/spawn/spawn.go:1074.18,1077.4 2 0
github.com/garrison-hq/garrison/supervisor/internal/spawn/spawn.go:1078.3,1081.18 1 0
github.com/garrison-hq/garrison/supervisor/internal/spawn/spawn.go:1081.18,1084.4 2 0
github.com/garrison-hq/garrison/supervisor/internal/spawn/spawn.go:1086.2,1086.59 1 0
github.com/garrison-hq/garrison/supervisor/internal/spawn/spawn.go:1086.59,1089.3 2 0
github.com/garrison-hq/garrison/supervisor/internal/spawn/spawn.go:1090.2,1090.39 1 0
github.com/garrison-hq/garrison/supervisor/internal/spawn/spawn.go:1090.39,1092.3 1 0
github.com/garrison-hq/garrison/supervisor/internal/spawn/spawn.go:1093.2,1093.12 1 0
github.com/garrison-hq/garrison/supervisor/internal/spawn/spawn.go:1100.90,1104.21 4 0
github.com/garrison-hq/garrison/supervisor/internal/spawn/spawn.go:1104.21,1106.3 1 0
github.com/garrison-hq/garrison/supervisor/internal/spawn/spawn.go:1109.53,1110.15 1 0
github.com/garrison-hq/garrison/supervisor/internal/spawn/spawn.go:1110.15,1112.3 1 0
github.com/garrison-hq/garrison/supervisor/internal/spawn/spawn.go:1113.2,1113.66 1 0
github.com/garrison-hq/garrison/supervisor/internal/spawn/spawn.go:1113.66,1115.3 1 0
github.com/garrison-hq/garrison/supervisor/internal/spawn/spawn.go:1116.2,1116.26 1 0
github.com/garrison-hq/garrison/supervisor/internal/spawn/spawn.go:1119.44,1120.13 1 0
github.com/garrison-hq/garrison/supervisor/internal/spawn/spawn.go:1121.23,1122.19 1 0
github.com/garrison-hq/garrison/supervisor/internal/spawn/spawn.go:1123.23,1124.19 1 0
github.com/garrison-hq/garrison/supervisor/internal/spawn/spawn.go:1125.22,1126.18 1 0
github.com/garrison-hq/garrison/supervisor/internal/spawn/spawn.go:1127.22,1128.18 1 0
github.com/garrison-hq/garrison/supervisor/internal/spawn/spawn.go:1129.23,1130.19 1 0
github.com/garrison-hq/garrison/supervisor/internal/spawn/spawn.go:1131.23,1132.19 1 0
github.com/garrison-hq/garrison/supervisor/internal/spawn/spawn.go:1133.23,1134.19 1 0
github.com/garrison-hq/garrison/supervisor/internal/spawn/spawn.go:1135.23,1136.19 1 0
github.com/garrison-hq/garrison/supervisor/internal/spawn/spawn.go:1137.10,1138.44 1 0
github.com/garrison-hq/garrison/supervisor/internal/spawn/spawn.go:1142.47,1144.34 2 0
github.com/garrison-hq/garrison/supervisor/internal/spawn/spawn.go:1144.34,1146.3 1 0
github.com/garrison-hq/garrison/supervisor/internal/spawn/spawn.go:1147.2,1147.15 1 0
github.com/garrison-hq/garrison/supervisor/internal/spawn/spawn.go:1150.39,1151.14 1 0
github.com/garrison-hq/garrison/supervisor/internal/spawn/spawn.go:1151.14,1153.3 1 0
github.com/garrison-hq/garrison/supervisor/internal/spawn/spawn.go:1154.2,1160.3 1 0
github.com/garrison-hq/garrison/supervisor/internal/spawn/spawn.go:1187.42,1188.23 1 1
github.com/garrison-hq/garrison/supervisor/internal/spawn/spawn.go:1188.23,1190.3 1 1
github.com/garrison-hq/garrison/supervisor/internal/spawn/spawn.go:1193.2,1194.22 2 1
github.com/garrison-hq/garrison/supervisor/internal/spawn/spawn.go:1194.22,1196.3 1 1
github.com/garrison-hq/garrison/supervisor/internal/spawn/spawn.go:1197.2,1197.22 1 1
github.com/garrison-hq/garrison/supervisor/internal/spawn/spawn.go:1197.22,1199.3 1 1
github.com/garrison-hq/garrison/supervisor/internal/spawn/spawn.go:1202.2,1203.17 2 1
github.com/garrison-hq/garrison/supervisor/internal/spawn/spawn.go:1203.17,1205.54 2 1
github.com/garrison-hq/garrison/supervisor/internal/spawn/spawn.go:1205.54,1207.4 1 1
github.com/garrison-hq/garrison/supervisor/internal/spawn/spawn.go:1208.3,1215.45 2 1
github.com/garrison-hq/garrison/supervisor/internal/spawn/spawn.go:1219.2,1219.22 1 1
github.com/garrison-hq/garrison/supervisor/internal/spawn/spawn.go:1219.22,1220.73 1 1
github.com/garrison-hq/garrison/supervisor/internal/spawn/spawn.go:1220.73,1226.4 3 1
github.com/garrison-hq/garrison/supervisor/internal/spawn/spawn.go:1230.2,1238.87 2 1
github.com/garrison-hq/garrison/supervisor/internal/spawn/spawn.go:1238.87,1240.3 1 1
github.com/garrison-hq/garrison/supervisor/internal/spawn/spawn.go:1242.2,1242.20 1 1
github.com/garrison-hq/garrison/supervisor/internal/spawn/spawn.go:1248.121,1249.32 1 1
github.com/garrison-hq/garrison/supervisor/internal/spawn/spawn.go:1249.32,1251.17 2 1
github.com/garrison-hq/garrison/supervisor/internal/spawn/spawn.go:1251.17,1254.4 2 1
github.com/garrison-hq/garrison/supervisor/internal/spawn/spawn.go:1255.3,1255.20 1 1
github.com/garrison-hq/garrison/supervisor/internal/spawn/spawn.go:1257.2,1261.16 2 0
github.com/garrison-hq/garrison/supervisor/internal/spawn/spawn.go:1261.16,1264.3 2 0
github.com/garrison-hq/garrison/supervisor/internal/spawn/spawn.go:1265.2,1266.30 2 0
github.com/garrison-hq/garrison/supervisor/internal/spawn/spawn.go:1266.30,1272.3 1 0
github.com/garrison-hq/garrison/supervisor/internal/spawn/spawn.go:1273.2,1273.19 1 0
github.com/garrison-hq/garrison/supervisor/internal/spawn/spawn.go:1279.142,1280.25 1 1
github.com/garrison-hq/garrison/supervisor/internal/spawn/spawn.go:1280.25,1281.48 1 1
github.com/garrison-hq/garrison/supervisor/internal/spawn/spawn.go:1281.48,1285.4 3 1
github.com/garrison-hq/garrison/supervisor/internal/spawn/spawn.go:1286.3,1286.12 1 1
github.com/garrison-hq/garrison/supervisor/internal/spawn/spawn.go:1288.2,1289.16 2 0
github.com/garrison-hq/garrison/supervisor/internal/spawn/spawn.go:1289.16,1293.3 3 0
github.com/garrison-hq/garrison/supervisor/internal/spawn/spawn.go:1294.2,1294.58 1 0
github.com/garrison-hq/garrison/supervisor/internal/spawn/spawn.go:1294.58,1299.3 4 0
github.com/garrison-hq/garrison/supervisor/internal/spawn/spawn.go:1300.2,1300.39 1 0
github.com/garrison-hq/garrison/supervisor/internal/spawn/spawn.go:1300.39,1304.3 3 0
github.com/garrison-hq/garrison/supervisor/internal/spawn/spawn.go:1305.2,1305.11 1 0
github.com/garrison-hq/garrison/supervisor/internal/spawn/spawn.go:1310.56,1311.25 1 1
github.com/garrison-hq/garrison/supervisor/internal/spawn/spawn.go:1311.25,1314.3 2 1
github.com/garrison-hq/garrison/supervisor/internal/spawn/spawn.go:1319.107,1320.17 1 1
github.com/garrison-hq/garrison/supervisor/internal/spawn/spawn.go:1320.17,1322.3 1 1
github.com/garrison-hq/garrison/supervisor/internal/spawn/spawn.go:1323.2,1326.16 4 0
github.com/garrison-hq/garrison/supervisor/internal/spawn/spawn.go:1326.16,1329.3 2 0
github.com/garrison-hq/garrison/supervisor/internal/spawn/spawn.go:1330.2,1337.18 1 0
github.com/garrison-hq/garrison/supervisor/internal/spawn/spawn.go:1337.18,1341.3 3 0
github.com/garrison-hq/garrison/supervisor/internal/spawn/spawn.go:1342.2,1342.46 1 0
github.com/garrison-hq/garrison/supervisor/internal/spawn/spawn.go:1342.46,1344.3 1 0
github.com/garrison-hq/garrison/supervisor/internal/spawn/template.go:36.98,38.16 2 1
github.com/garrison-hq/garrison/supervisor/internal/spawn/template.go:38.16,40.3 1 1
github.com/garrison-hq/garrison/supervisor/internal/spawn/template.go:41.2,41.20 1 1
github.com/garrison-hq/garrison/supervisor/internal/spawn/template.go:41.20,43.3 1 0
github.com/garrison-hq/garrison/supervisor/internal/spawn/template.go:44.2,44.25 1 1
github.com/garrison-hq/garrison/supervisor/internal/spawn/template.go:44.25,48.3 3 1
github.com/garrison-hq/garrison/supervisor/internal/spawn/template.go:49.2,54.17 3 1
