mode: set
github.com/garrison-hq/garrison/supervisor/internal/vault/audit.go:43.72,47.47 3 0
github.com/garrison-hq/garrison/supervisor/internal/vault/audit.go:47.47,49.3 1 0
github.com/garrison-hq/garrison/supervisor/internal/vault/audit.go:51.2,58.17 1 0
github.com/garrison-hq/garrison/supervisor/internal/vault/audit.go:58.17,60.3 1 0
github.com/garrison-hq/garrison/supervisor/internal/vault/audit.go:62.2,62.35 1 0
github.com/garrison-hq/garrison/supervisor/internal/vault/audit.go:62.35,67.18 1 0
github.com/garrison-hq/garrison/supervisor/internal/vault/audit.go:67.18,69.4 1 0
github.com/garrison-hq/garrison/supervisor/internal/vault/audit.go:72.2,72.12 1 0
github.com/garrison-hq/garrison/supervisor/internal/vault/client.go:74.72,75.23 1 1
github.com/garrison-hq/garrison/supervisor/internal/vault/client.go:75.23,77.3 1 1
github.com/garrison-hq/garrison/supervisor/internal/vault/client.go:78.2,78.24 1 1
github.com/garrison-hq/garrison/supervisor/internal/vault/client.go:78.24,80.3 1 1
github.com/garrison-hq/garrison/supervisor/internal/vault/client.go:81.2,81.28 1 1
github.com/garrison-hq/garrison/supervisor/internal/vault/client.go:81.28,83.3 1 1
github.com/garrison-hq/garrison/supervisor/internal/vault/client.go:84.2,84.26 1 1
github.com/garrison-hq/garrison/supervisor/internal/vault/client.go:84.26,86.3 1 1
github.com/garrison-hq/garrison/supervisor/internal/vault/client.go:87.2,87.25 1 1
github.com/garrison-hq/garrison/supervisor/internal/vault/client.go:87.25,89.3 1 1
github.com/garrison-hq/garrison/supervisor/internal/vault/client.go:90.2,90.27 1 1
github.com/garrison-hq/garrison/supervisor/internal/vault/client.go:90.27,92.3 1 1
github.com/garrison-hq/garrison/supervisor/internal/vault/client.go:93.2,94.19 2 0
github.com/garrison-hq/garrison/supervisor/internal/vault/client.go:94.19,96.3 1 0
github.com/garrison-hq/garrison/supervisor/internal/vault/client.go:98.2,115.46 3 0
github.com/garrison-hq/garrison/supervisor/internal/vault/client.go:115.46,117.3 1 0
github.com/garrison-hq/garrison/supervisor/internal/vault/client.go:118.2,118.15 1 0
github.com/garrison-hq/garrison/supervisor/internal/vault/client.go:122.73,123.50 1 1
github.com/garrison-hq/garrison/supervisor/internal/vault/client.go:123.50,125.3 1 0
github.com/garrison-hq/garrison/supervisor/internal/vault/client.go:126.2,127.19 2 1
github.com/garrison-hq/garrison/supervisor/internal/vault/client.go:127.19,129.3 1 1
github.com/garrison-hq/garrison/supervisor/internal/vault/client.go:130.2,139.8 1 1
github.com/garrison-hq/garrison/supervisor/internal/vault/client.go:149.93,150.19 1 1
github.com/garrison-hq/garrison/supervisor/internal/vault/client.go:150.19,152.3 1 0
github.com/garrison-hq/garrison/supervisor/internal/vault/client.go:153.2,156.28 4 1
github.com/garrison-hq/garrison/supervisor/internal/vault/client.go:156.28,158.17 2 1
github.com/garrison-hq/garrison/supervisor/internal/vault/client.go:158.17,160.4 1 1
github.com/garrison-hq/garrison/supervisor/internal/vault/client.go:161.3,161.33 1 1
github.com/garrison-hq/garrison/supervisor/internal/vault/client.go:163.2,163.20 1 1
github.com/garrison-hq/garrison/supervisor/internal/vault/client.go:168.103,170.16 2 1
github.com/garrison-hq/garrison/supervisor/internal/vault/client.go:170.16,172.3 1 1
github.com/garrison-hq/garrison/supervisor/internal/vault/client.go:173.2,174.78 2 1
github.com/garrison-hq/garrison/supervisor/internal/vault/client.go:174.78,176.3 1 1
github.com/garrison-hq/garrison/supervisor/internal/vault/client.go:177.2,177.67 1 1
github.com/garrison-hq/garrison/supervisor/internal/vault/client.go:177.67,179.3 1 0
github.com/garrison-hq/garrison/supervisor/internal/vault/client.go:180.2,181.16 2 1
github.com/garrison-hq/garrison/supervisor/internal/vault/client.go:181.16,183.3 1 1
github.com/garrison-hq/garrison/supervisor/internal/vault/client.go:184.2,185.81 2 1
github.com/garrison-hq/garrison/supervisor/internal/vault/client.go:185.81,187.3 1 1
github.com/garrison-hq/garrison/supervisor/internal/vault/client.go:188.2,188.45 1 0
github.com/garrison-hq/garrison/supervisor/internal/vault/client.go:192.94,201.16 3 1
github.com/garrison-hq/garrison/supervisor/internal/vault/client.go:201.16,203.3 1 1
github.com/garrison-hq/garrison/supervisor/internal/vault/client.go:204.2,204.45 1 1
github.com/garrison-hq/garrison/supervisor/internal/vault/client.go:209.60,213.2 3 1
github.com/garrison-hq/garrison/supervisor/internal/vault/client.go:215.69,217.16 2 1
github.com/garrison-hq/garrison/supervisor/internal/vault/client.go:217.16,219.3 1 1
github.com/garrison-hq/garrison/supervisor/internal/vault/client.go:220.2,223.12 4 1
github.com/garrison-hq/garrison/supervisor/internal/vault/client.go:230.70,233.20 2 1
github.com/garrison-hq/garrison/supervisor/internal/vault/client.go:233.20,235.3 1 1
github.com/garrison-hq/garrison/supervisor/internal/vault/client.go:236.2,238.22 3 1
github.com/garrison-hq/garrison/supervisor/internal/vault/client.go:238.22,240.3 1 0
github.com/garrison-hq/garrison/supervisor/internal/vault/client.go:241.2,241.30 1 1
github.com/garrison-hq/garrison/supervisor/internal/vault/client.go:245.40,246.16 1 1
github.com/garrison-hq/garrison/supervisor/internal/vault/client.go:246.16,248.3 1 1
github.com/garrison-hq/garrison/supervisor/internal/vault/client.go:249.2,250.29 2 1
github.com/garrison-hq/garrison/supervisor/internal/vault/client.go:250.29,251.28 1 1
github.com/garrison-hq/garrison/supervisor/internal/vault/client.go:252.32,253.30 1 0
github.com/garrison-hq/garrison/supervisor/internal/vault/client.go:254.29,255.35 1 1
github.com/garrison-hq/garrison/supervisor/internal/vault/client.go:256.35,257.30 1 1
github.com/garrison-hq/garrison/supervisor/internal/vault/client.go:258.28,259.33 1 1
github.com/garrison-hq/garrison/supervisor/internal/vault/client.go:260.11,261.96 1 1
github.com/garrison-hq/garrison/supervisor/internal/vault/client.go:265.2,265.63 1 1
github.com/garrison-hq/garrison/supervisor/internal/vault/errors.go:35.43,36.9 1 1
github.com/garrison-hq/garrison/supervisor/internal/vault/errors.go:37.18,38.12 1 1
github.com/garrison-hq/garrison/supervisor/internal/vault/errors.go:39.43,40.30 1 1
github.com/garrison-hq/garrison/supervisor/internal/vault/errors.go:41.43,42.30 1 1
github.com/garrison-hq/garrison/supervisor/internal/vault/errors.go:43.48,44.35 1 1
github.com/garrison-hq/garrison/supervisor/internal/vault/errors.go:45.43,46.30 1 1
github.com/garrison-hq/garrison/supervisor/internal/vault/errors.go:47.46,48.33 1 1
github.com/garrison-hq/garrison/supervisor/internal/vault/errors.go:49.43,50.30 1 1
github.com/garrison-hq/garrison/supervisor/internal/vault/errors.go:51.10,52.25 1 1
github.com/garrison-hq/garrison/supervisor/internal/vault/leakscan.go:17.89,18.36 1 1
github.com/garrison-hq/garrison/supervisor/internal/vault/leakscan.go:18.36,19.18 1 1
github.com/garrison-hq/garrison/supervisor/internal/vault/leakscan.go:19.18,20.12 1 1
github.com/garrison-hq/garrison/supervisor/internal/vault/leakscan.go:23.3,23.59 1 1
github.com/garrison-hq/garrison/supervisor/internal/vault/leakscan.go:23.59,25.4 1 1
github.com/garrison-hq/garrison/supervisor/internal/vault/leakscan.go:27.2,27.8 1 1
github.com/garrison-hq/garrison/supervisor/internal/vault/scanner.go:51.65,53.29 2 1
github.com/garrison-hq/garrison/supervisor/internal/vault/scanner.go:53.29,54.33 1 1
github.com/garrison-hq/garrison/supervisor/internal/vault/scanner.go:54.33,57.4 2 1
github.com/garrison-hq/garrison/supervisor/internal/vault/scanner.go:59.2,59.8 1 1
github.com/garrison-hq/garrison/supervisor/internal/vault/scanner.go:66.46,68.27 2 1
github.com/garrison-hq/garrison/supervisor/internal/vault/scanner.go:68.27,69.15 1 1
github.com/garrison-hq/garrison/supervisor/internal/vault/scanner.go:69.15,70.12 1 1
github.com/garrison-hq/garrison/supervisor/internal/vault/scanner.go:72.3,73.23 2 1
github.com/garrison-hq/garrison/supervisor/internal/vault/scanner.go:73.23,76.4 2 1
github.com/garrison-hq/garrison/supervisor/internal/vault/scanner.go:78.2,78.12 1 1
github.com/garrison-hq/garrison/supervisor/internal/vault/scanner.go:84.34,86.2 1 1
github.com/garrison-hq/garrison/supervisor/internal/vault/scanner.go:90.38,92.2 1 1
github.com/garrison-hq/garrison/supervisor/internal/vault/secretvalue.go:36.34,36.88 1 1
github.com/garrison-hq/garrison/supervisor/internal/vault/secretvalue.go:40.44,40.85 1 1
github.com/garrison-hq/garrison/supervisor/internal/vault/secretvalue.go:48.38,48.61 1 1
github.com/garrison-hq/garrison/supervisor/internal/vault/secretvalue.go:57.43,57.57 1 1
github.com/garrison-hq/garrison/supervisor/internal/vault/secretvalue.go:62.30,63.21 1 1
github.com/garrison-hq/garrison/supervisor/internal/vault/secretvalue.go:63.21,65.3 1 1
github.com/garrison-hq/garrison/supervisor/internal/vault/secretvalue.go:66.2,66.11 1 1
github.com/garrison-hq/garrison/supervisor/internal/vault/secretvalue.go:70.35,70.59 1 1
